<?xml version="1.0" encoding="UTF-8"?>
<testng-results skipped="0" failed="0" ignored="0" total="1" passed="1">
  <reporter-output>
    <line>
      <![CDATA[[ CAM9 ] RBNayak - Campaign Information]]>
    </line>
    <line>
      <![CDATA[Campaign Create SuccessFully..]]>
    </line>
  </reporter-output>
  <suite name="Default suite" duration-ms="87575" started-at="2020-06-23T12:07:18Z" finished-at="2020-06-23T12:08:46Z">
    <groups>
    </groups>
    <test name="Default test" duration-ms="87575" started-at="2020-06-23T12:07:18Z" finished-at="2020-06-23T12:08:46Z">
      <class name="TestScripts.CreateCampaignTest">
        <test-method status="PASS" signature="configBS()[pri:0, instance:TestScripts.CreateCampaignTest@91161c7]" name="configBS" is-config="true" duration-ms="20" started-at="2020-06-23T12:07:18Z" finished-at="2020-06-23T12:07:18Z">
          <reporter-output>
          </reporter-output>
        </test-method> <!-- configBS -->
        <test-method status="PASS" signature="configBC()[pri:0, instance:TestScripts.CreateCampaignTest@91161c7]" name="configBC" is-config="true" duration-ms="7491" started-at="2020-06-23T12:07:18Z" finished-at="2020-06-23T12:07:26Z">
          <reporter-output>
          </reporter-output>
        </test-method> <!-- configBC -->
        <test-method status="PASS" signature="configBM()[pri:0, instance:TestScripts.CreateCampaignTest@91161c7]" name="configBM" is-config="true" duration-ms="20836" started-at="2020-06-23T12:07:26Z" finished-at="2020-06-23T12:07:47Z">
          <reporter-output>
          </reporter-output>
        </test-method> <!-- configBM -->
        <test-method status="PASS" signature="CreateCampaign()[pri:0, instance:TestScripts.CreateCampaignTest@91161c7]" name="CreateCampaign" duration-ms="54418" started-at="2020-06-23T12:07:47Z" finished-at="2020-06-23T12:08:41Z">
          <reporter-output>
            <line>
              <![CDATA[[ CAM9 ] RBNayak - Campaign Information]]>
            </line>
            <line>
              <![CDATA[Campaign Create SuccessFully..]]>
            </line>
          </reporter-output>
        </test-method> <!-- CreateCampaign -->
        <test-method status="PASS" signature="configAM()[pri:0, instance:TestScripts.CreateCampaignTest@91161c7]" name="configAM" is-config="true" duration-ms="4012" started-at="2020-06-23T12:08:41Z" finished-at="2020-06-23T12:08:45Z">
          <reporter-output>
          </reporter-output>
        </test-method> <!-- configAM -->
        <test-method status="PASS" signature="configAC()[pri:0, instance:TestScripts.CreateCampaignTest@91161c7]" name="configAC" is-config="true" duration-ms="768" started-at="2020-06-23T12:08:45Z" finished-at="2020-06-23T12:08:46Z">
          <reporter-output>
          </reporter-output>
        </test-method> <!-- configAC -->
        <test-method status="PASS" signature="configAF()[pri:0, instance:TestScripts.CreateCampaignTest@91161c7]" name="configAF" is-config="true" duration-ms="0" started-at="2020-06-23T12:08:46Z" finished-at="2020-06-23T12:08:46Z">
          <reporter-output>
          </reporter-output>
        </test-method> <!-- configAF -->
      </class> <!-- TestScripts.CreateCampaignTest -->
    </test> <!-- Default test -->
  </suite> <!-- Default suite -->
</testng-results>
